# JRE version: Java(TM) SE Runtime Environment (15.0.1+9) (build 15.0.1+9-18)
# Java VM: Java HotSpot(TM) 64-Bit Server VM (15.0.1+9-18, mixed mode, sharing, tiered, compressed oops, parallel gc, bsd-amd64)
GC Precious Log:
 CPUs: 8 total, 8 available
 Memory: 16384M
 Large Page Support: Disabled
 NUMA Support: Disabled
 Compressed Oops: Enabled (Zero based)
 Heap Min Capacity: 100M
 Heap Initial Capacity: 100M
 Heap Max Capacity: 1G
 Pre-touch: Disabled
 Parallel Workers: 8
Heap:
 PSYoungGen      total 22528K, used 18128K [0x00000007eab00000, 0x00000007ec480000, 0x0000000800000000)
  eden space 20992K, 80% used [0x00000007eab00000,0x00000007ebb86a58,0x00000007ebf80000)
  from space 1536K, 78% used [0x00000007ec300000,0x00000007ec42d8e0,0x00000007ec480000)
  to   space 1536K, 0% used [0x00000007ec180000,0x00000007ec180000,0x00000007ec300000)
 ParOldGen       total 68608K, used 33645K [0x00000007c0000000, 0x00000007c4300000, 0x00000007eab00000)
  object space 68608K, 49% used [0x00000007c0000000,0x00000007c20db450,0x00000007c4300000)
 Metaspace       used 48631K, capacity 50961K, committed 51288K, reserved 1095680K
  class space    used 5136K, capacity 5949K, committed 5976K, reserved 1048576K
GC Heap History (20 events):
Event: 5.146 GC heap before
{Heap before GC invocations=11 (full 2):
 PSYoungGen      total 30720K, used 20992K [0x00000007eab00000, 0x00000007ed280000, 0x0000000800000000)
  eden space 20992K, 100% used [0x00000007eab00000,0x00000007ebf80000,0x00000007ebf80000)
  from space 9728K, 0% used [0x00000007ec900000,0x00000007ec900000,0x00000007ed280000)
  to   space 9728K, 0% used [0x00000007ebf80000,0x00000007ebf80000,0x00000007ec900000)
 ParOldGen       total 68608K, used 15813K [0x00000007c0000000, 0x00000007c4300000, 0x00000007eab00000)
  object space 68608K, 23% used [0x00000007c0000000,0x00000007c0f71620,0x00000007c4300000)
 Metaspace       used 36959K, capacity 39083K, committed 39384K, reserved 1083392K
  class space    used 3856K, capacity 4543K, committed 4568K, reserved 1048576K
}
Event: 5.149 GC heap after
{Heap after GC invocations=11 (full 2):
 PSYoungGen      total 23552K, used 2217K [0x00000007eab00000, 0x00000007ec980000, 0x0000000800000000)
  eden space 20992K, 0% used [0x00000007eab00000,0x00000007eab00000,0x00000007ebf80000)
  from space 2560K, 86% used [0x00000007ebf80000,0x00000007ec1aa770,0x00000007ec200000)
  to   space 5120K, 0% used [0x00000007ec480000,0x00000007ec480000,0x00000007ec980000)
 ParOldGen       total 68608K, used 15821K [0x00000007c0000000, 0x00000007c4300000, 0x00000007eab00000)
  object space 68608K, 23% used [0x00000007c0000000,0x00000007c0f73620,0x00000007c4300000)
 Metaspace       used 36959K, capacity 39083K, committed 39384K, reserved 1083392K
  class space    used 3856K, capacity 4543K, committed 4568K, reserved 1048576K
}
Event: 5.267 GC heap before
{Heap before GC invocations=12 (full 2):
 PSYoungGen      total 23552K, used 23209K [0x00000007eab00000, 0x00000007ec980000, 0x0000000800000000)
  eden space 20992K, 100% used [0x00000007eab00000,0x00000007ebf80000,0x00000007ebf80000)
  from space 2560K, 86% used [0x00000007ebf80000,0x00000007ec1aa770,0x00000007ec200000)
  to   space 5120K, 0% used [0x00000007ec480000,0x00000007ec480000,0x00000007ec980000)
 ParOldGen       total 68608K, used 15821K [0x00000007c0000000, 0x00000007c4300000, 0x00000007eab00000)
  object space 68608K, 23% used [0x00000007c0000000,0x00000007c0f73620,0x00000007c4300000)
 Metaspace       used 37366K, capacity 39470K, committed 39768K, reserved 1085440K
  class space    used 3920K, capacity 4608K, committed 4696K, reserved 1048576K
}
Event: 5.269 GC heap after
{Heap after GC invocations=12 (full 2):
 PSYoungGen      total 25088K, used 3639K [0x00000007eab00000, 0x00000007ec880000, 0x0000000800000000)
  eden space 20992K, 0% used [0x00000007eab00000,0x00000007eab00000,0x00000007ebf80000)
  from space 4096K, 88% used [0x00000007ec480000,0x00000007ec80dd68,0x00000007ec880000)
  to   space 4096K, 0% used [0x00000007ec080000,0x00000007ec080000,0x00000007ec480000)
 ParOldGen       total 68608K, used 15829K [0x00000007c0000000, 0x00000007c4300000, 0x00000007eab00000)
  object space 68608K, 23% used [0x00000007c0000000,0x00000007c0f75620,0x00000007c4300000)
 Metaspace       used 37366K, capacity 39470K, committed 39768K, reserved 1085440K
  class space    used 3920K, capacity 4608K, committed 4696K, reserved 1048576K
}
Event: 5.538 GC heap before
{Heap before GC invocations=13 (full 2):
 PSYoungGen      total 25088K, used 24631K [0x00000007eab00000, 0x00000007ec880000, 0x0000000800000000)
  eden space 20992K, 100% used [0x00000007eab00000,0x00000007ebf80000,0x00000007ebf80000)
  from space 4096K, 88% used [0x00000007ec480000,0x00000007ec80dd68,0x00000007ec880000)
  to   space 4096K, 0% used [0x00000007ec080000,0x00000007ec080000,0x00000007ec480000)
 ParOldGen       total 68608K, used 15829K [0x00000007c0000000, 0x00000007c4300000, 0x00000007eab00000)
  object space 68608K, 23% used [0x00000007c0000000,0x00000007c0f75620,0x00000007c4300000)
 Metaspace       used 38148K, capacity 40252K, committed 40536K, reserved 1085440K
  class space    used 4012K, capacity 4676K, committed 4696K, reserved 1048576K
}
Event: 5.541 GC heap after
{Heap after GC invocations=13 (full 2):
 PSYoungGen      total 23040K, used 1993K [0x00000007eab00000, 0x00000007ec580000, 0x0000000800000000)
  eden space 20992K, 0% used [0x00000007eab00000,0x00000007eab00000,0x00000007ebf80000)
  from space 2048K, 97% used [0x00000007ec080000,0x00000007ec272658,0x00000007ec280000)
  to   space 3072K, 0% used [0x00000007ec280000,0x00000007ec280000,0x00000007ec580000)
 ParOldGen       total 68608K, used 19322K [0x00000007c0000000, 0x00000007c4300000, 0x00000007eab00000)
  object space 68608K, 28% used [0x00000007c0000000,0x00000007c12de910,0x00000007c4300000)
 Metaspace       used 38148K, capacity 40252K, committed 40536K, reserved 1085440K
  class space    used 4012K, capacity 4676K, committed 4696K, reserved 1048576K
}
Event: 5.750 GC heap before
{Heap before GC invocations=14 (full 2):
 PSYoungGen      total 23040K, used 22985K [0x00000007eab00000, 0x00000007ec580000, 0x0000000800000000)
  eden space 20992K, 100% used [0x00000007eab00000,0x00000007ebf80000,0x00000007ebf80000)
  from space 2048K, 97% used [0x00000007ec080000,0x00000007ec272658,0x00000007ec280000)
  to   space 3072K, 0% used [0x00000007ec280000,0x00000007ec280000,0x00000007ec580000)
 ParOldGen       total 68608K, used 19322K [0x00000007c0000000, 0x00000007c4300000, 0x00000007eab00000)
  object space 68608K, 28% used [0x00000007c0000000,0x00000007c12de910,0x00000007c4300000)
 Metaspace       used 38648K, capacity 40700K, committed 40920K, reserved 1085440K
  class space    used 4070K, capacity 4740K, committed 4824K, reserved 1048576K
}
Event: 5.753 GC heap after
{Heap after GC invocations=14 (full 2):
 PSYoungGen      total 23040K, used 1972K [0x00000007eab00000, 0x00000007ec480000, 0x0000000800000000)
  eden space 20992K, 0% used [0x00000007eab00000,0x00000007eab00000,0x00000007ebf80000)
  from space 2048K, 96% used [0x00000007ec280000,0x00000007ec46d128,0x00000007ec480000)
  to   space 2560K, 0% used [0x00000007ebf80000,0x00000007ebf80000,0x00000007ec200000)
 ParOldGen       total 68608K, used 21163K [0x00000007c0000000, 0x00000007c4300000, 0x00000007eab00000)
  object space 68608K, 30% used [0x00000007c0000000,0x00000007c14aacc0,0x00000007c4300000)
 Metaspace       used 38648K, capacity 40700K, committed 40920K, reserved 1085440K
  class space    used 4070K, capacity 4740K, committed 4824K, reserved 1048576K
}
Event: 5.849 GC heap before
{Heap before GC invocations=15 (full 2):
 PSYoungGen      total 23040K, used 22964K [0x00000007eab00000, 0x00000007ec480000, 0x0000000800000000)
  eden space 20992K, 100% used [0x00000007eab00000,0x00000007ebf80000,0x00000007ebf80000)
  from space 2048K, 96% used [0x00000007ec280000,0x00000007ec46d128,0x00000007ec480000)
  to   space 2560K, 0% used [0x00000007ebf80000,0x00000007ebf80000,0x00000007ec200000)
 ParOldGen       total 68608K, used 21163K [0x00000007c0000000, 0x00000007c4300000, 0x00000007eab00000)
  object space 68608K, 30% used [0x00000007c0000000,0x00000007c14aacc0,0x00000007c4300000)
 Metaspace       used 39484K, capacity 41522K, committed 41816K, reserved 1085440K
  class space    used 4174K, capacity 4845K, committed 4952K, reserved 1048576K
}
Event: 5.852 GC heap after
{Heap after GC invocations=15 (full 2):
 PSYoungGen      total 23552K, used 2432K [0x00000007eab00000, 0x00000007ec480000, 0x0000000800000000)
  eden space 20992K, 0% used [0x00000007eab00000,0x00000007eab00000,0x00000007ebf80000)
  from space 2560K, 95% used [0x00000007ebf80000,0x00000007ec1e0010,0x00000007ec200000)
  to   space 2560K, 0% used [0x00000007ec200000,0x00000007ec200000,0x00000007ec480000)
 ParOldGen       total 68608K, used 23052K [0x00000007c0000000, 0x00000007c4300000, 0x00000007eab00000)
  object space 68608K, 33% used [0x00000007c0000000,0x00000007c1683140,0x00000007c4300000)
 Metaspace       used 39484K, capacity 41522K, committed 41816K, reserved 1085440K
  class space    used 4174K, capacity 4845K, committed 4952K, reserved 1048576K
}
Event: 5.918 GC heap before
{Heap before GC invocations=16 (full 2):
 PSYoungGen      total 23552K, used 23424K [0x00000007eab00000, 0x00000007ec480000, 0x0000000800000000)
  eden space 20992K, 100% used [0x00000007eab00000,0x00000007ebf80000,0x00000007ebf80000)
  from space 2560K, 95% used [0x00000007ebf80000,0x00000007ec1e0010,0x00000007ec200000)
  to   space 2560K, 0% used [0x00000007ec200000,0x00000007ec200000,0x00000007ec480000)
 ParOldGen       total 68608K, used 23052K [0x00000007c0000000, 0x00000007c4300000, 0x00000007eab00000)
  object space 68608K, 33% used [0x00000007c0000000,0x00000007c1683140,0x00000007c4300000)
 Metaspace       used 40159K, capacity 42236K, committed 42712K, reserved 1087488K
  class space    used 4268K, capacity 4974K, committed 5080K, reserved 1048576K
}
Event: 5.921 GC heap after
{Heap after GC invocations=16 (full 2):
 PSYoungGen      total 23552K, used 2240K [0x00000007eab00000, 0x00000007ec480000, 0x0000000800000000)
  eden space 20992K, 0% used [0x00000007eab00000,0x00000007eab00000,0x00000007ebf80000)
  from space 2560K, 87% used [0x00000007ec200000,0x00000007ec430000,0x00000007ec480000)
  to   space 2560K, 0% used [0x00000007ebf80000,0x00000007ebf80000,0x00000007ec200000)
 ParOldGen       total 68608K, used 25407K [0x00000007c0000000, 0x00000007c4300000, 0x00000007eab00000)
  object space 68608K, 37% used [0x00000007c0000000,0x00000007c18cfe58,0x00000007c4300000)
 Metaspace       used 40159K, capacity 42236K, committed 42712K, reserved 1087488K
  class space    used 4268K, capacity 4974K, committed 5080K, reserved 1048576K
}
Event: 5.976 GC heap before
{Heap before GC invocations=17 (full 2):
 PSYoungGen      total 23552K, used 23232K [0x00000007eab00000, 0x00000007ec480000, 0x0000000800000000)
  eden space 20992K, 100% used [0x00000007eab00000,0x00000007ebf80000,0x00000007ebf80000)
  from space 2560K, 87% used [0x00000007ec200000,0x00000007ec430000,0x00000007ec480000)
  to   space 2560K, 0% used [0x00000007ebf80000,0x00000007ebf80000,0x00000007ec200000)
 ParOldGen       total 68608K, used 25407K [0x00000007c0000000, 0x00000007c4300000, 0x00000007eab00000)
  object space 68608K, 37% used [0x00000007c0000000,0x00000007c18cfe58,0x00000007c4300000)
 Metaspace       used 40628K, capacity 42690K, committed 42968K, reserved 1087488K
  class space    used 4327K, capacity 5039K, committed 5080K, reserved 1048576K
}
Event: 5.979 GC heap after
{Heap after GC invocations=17 (full 2):
 PSYoungGen      total 23552K, used 2528K [0x00000007eab00000, 0x00000007ec980000, 0x0000000800000000)
  eden space 20992K, 0% used [0x00000007eab00000,0x00000007eab00000,0x00000007ebf80000)
  from space 2560K, 98% used [0x00000007ebf80000,0x00000007ec1f8010,0x00000007ec200000)
  to   space 5120K, 0% used [0x00000007ec480000,0x00000007ec480000,0x00000007ec980000)
 ParOldGen       total 68608K, used 27511K [0x00000007c0000000, 0x00000007c4300000, 0x00000007eab00000)
  object space 68608K, 40% used [0x00000007c0000000,0x00000007c1adde58,0x00000007c4300000)
 Metaspace       used 40628K, capacity 42690K, committed 42968K, reserved 1087488K
  class space    used 4327K, capacity 5039K, committed 5080K, reserved 1048576K
}
Event: 6.080 GC heap before
{Heap before GC invocations=18 (full 2):
 PSYoungGen      total 23552K, used 23520K [0x00000007eab00000, 0x00000007ec980000, 0x0000000800000000)
  eden space 20992K, 100% used [0x00000007eab00000,0x00000007ebf80000,0x00000007ebf80000)
  from space 2560K, 98% used [0x00000007ebf80000,0x00000007ec1f8010,0x00000007ec200000)
  to   space 5120K, 0% used [0x00000007ec480000,0x00000007ec480000,0x00000007ec980000)
 ParOldGen       total 68608K, used 27511K [0x00000007c0000000, 0x00000007c4300000, 0x00000007eab00000)
  object space 68608K, 40% used [0x00000007c0000000,0x00000007c1adde58,0x00000007c4300000)
 Metaspace       used 41302K, capacity 43426K, committed 43864K, reserved 1087488K
  class space    used 4423K, capacity 5135K, committed 5208K, reserved 1048576K
}
Event: 6.084 GC heap after
{Heap after GC invocations=18 (full 2):
 PSYoungGen      total 23552K, used 2176K [0x00000007eab00000, 0x00000007ec700000, 0x0000000800000000)
  eden space 20992K, 0% used [0x00000007eab00000,0x00000007eab00000,0x00000007ebf80000)
  from space 2560K, 85% used [0x00000007ec480000,0x00000007ec6a0000,0x00000007ec700000)
  to   space 3072K, 0% used [0x00000007ec100000,0x00000007ec100000,0x00000007ec400000)
 ParOldGen       total 68608K, used 29948K [0x00000007c0000000, 0x00000007c4300000, 0x00000007eab00000)
  object space 68608K, 43% used [0x00000007c0000000,0x00000007c1d3f3e8,0x00000007c4300000)
 Metaspace       used 41302K, capacity 43426K, committed 43864K, reserved 1087488K
  class space    used 4423K, capacity 5135K, committed 5208K, reserved 1048576K
}
Event: 6.420 GC heap before
{Heap before GC invocations=19 (full 2):
 PSYoungGen      total 23552K, used 23168K [0x00000007eab00000, 0x00000007ec700000, 0x0000000800000000)
  eden space 20992K, 100% used [0x00000007eab00000,0x00000007ebf80000,0x00000007ebf80000)
  from space 2560K, 85% used [0x00000007ec480000,0x00000007ec6a0000,0x00000007ec700000)
  to   space 3072K, 0% used [0x00000007ec100000,0x00000007ec100000,0x00000007ec400000)
 ParOldGen       total 68608K, used 29948K [0x00000007c0000000, 0x00000007c4300000, 0x00000007eab00000)
  object space 68608K, 43% used [0x00000007c0000000,0x00000007c1d3f3e8,0x00000007c4300000)
 Metaspace       used 43247K, capacity 45441K, committed 45656K, reserved 1089536K
  class space    used 4628K, capacity 5434K, committed 5464K, reserved 1048576K
}
Event: 6.423 GC heap after
{Heap after GC invocations=19 (full 2):
 PSYoungGen      total 23040K, used 1738K [0x00000007eab00000, 0x00000007ec500000, 0x0000000800000000)
  eden space 20992K, 0% used [0x00000007eab00000,0x00000007eab00000,0x00000007ebf80000)
  from space 2048K, 84% used [0x00000007ec100000,0x00000007ec2b2a20,0x00000007ec300000)
  to   space 2048K, 0% used [0x00000007ec300000,0x00000007ec300000,0x00000007ec500000)
 ParOldGen       total 68608K, used 32001K [0x00000007c0000000, 0x00000007c4300000, 0x00000007eab00000)
  object space 68608K, 46% used [0x00000007c0000000,0x00000007c1f40740,0x00000007c4300000)
 Metaspace       used 43247K, capacity 45441K, committed 45656K, reserved 1089536K
  class space    used 4628K, capacity 5434K, committed 5464K, reserved 1048576K
}
Event: 6.777 GC heap before
{Heap before GC invocations=20 (full 2):
 PSYoungGen      total 23040K, used 22730K [0x00000007eab00000, 0x00000007ec500000, 0x0000000800000000)
  eden space 20992K, 99% used [0x00000007eab00000,0x00000007ebf7fff8,0x00000007ebf80000)
  from space 2048K, 84% used [0x00000007ec100000,0x00000007ec2b2a20,0x00000007ec300000)
  to   space 2048K, 0% used [0x00000007ec300000,0x00000007ec300000,0x00000007ec500000)
 ParOldGen       total 68608K, used 32001K [0x00000007c0000000, 0x00000007c4300000, 0x00000007eab00000)
  object space 68608K, 46% used [0x00000007c0000000,0x00000007c1f40740,0x00000007c4300000)
 Metaspace       used 46916K, capacity 49340K, committed 49624K, reserved 1093632K
  class space    used 5006K, capacity 5814K, committed 5848K, reserved 1048576K
}
Event: 6.780 GC heap after
{Heap after GC invocations=20 (full 2):
 PSYoungGen      total 22528K, used 1206K [0x00000007eab00000, 0x00000007ec480000, 0x0000000800000000)
  eden space 20992K, 0% used [0x00000007eab00000,0x00000007eab00000,0x00000007ebf80000)
  from space 1536K, 78% used [0x00000007ec300000,0x00000007ec42d8e0,0x00000007ec480000)
  to   space 1536K, 0% used [0x00000007ec180000,0x00000007ec180000,0x00000007ec300000)
 ParOldGen       total 68608K, used 33645K [0x00000007c0000000, 0x00000007c4300000, 0x00000007eab00000)
  object space 68608K, 49% used [0x00000007c0000000,0x00000007c20db450,0x00000007c4300000)
 Metaspace       used 46916K, capacity 49340K, committed 49624K, reserved 1093632K
  class space    used 5006K, capacity 5814K, committed 5848K, reserved 1048576K
}

